Nivel =  
Vida = 
Vida_Max =  
Sanidade =  
Sanidade_Max =  
Esforço = 
Armadura = 
Armadura_S = 
BP1_N = 
BP1_V = 
BP1_P1_N = 
BP1_P1_V = 
BP1_P2_N = 
BP1_P2_V = 
BP1_P3_N = 
BP1_P3_V = 
BP2_N = 
BP2_V = 
BP2_P1_N = 
BP2_P1_V = 
BP2_P2_N = 
BP2_P2_V = 
BP2_P3_N = 
BP2_P3_V = 
BP3_N = 
BP3_V = 
BP3_P1_N = 
BP3_P1_V = 
BP3_P2_N = 
BP3_P2_V = 
BP3_P3_N = 
BP3_P3_V = 
BP4_N = 
BP4_V = 
BP4_P1_N = 
BP4_P1_V = 
BP4_P2_N = 
BP4_P2_V = 
BP4_P3_N = 
BP4_P3_V = 
BP5_N = 
BP5_V = 
BP5_P1_N = 
BP5_P1_V = 
BP5_P2_N = 
BP5_P2_V = 
BP5_P3_N = 
BP5_P3_V = 
BP6_N = 
BP6_V = 
BP6_P1_N = 
BP6_P1_V = 
BP6_P2_N = 
BP6_P2_V = 
BP6_P3_N = 
BP6_P3_V = 